

Microchip MPLAB XC8 Assembler V2.31 build 20201012212115 
                                                                                               Fri Mar 26 23:55:19 2021

Microchip MPLAB XC8 C Compiler v2.31 (Free license) build 20201012212115 Og1 
     1                           	processor	16F1509
     2                           	pagewidth 120
     3                           	opt	flic
     4                           	psect	nvCOMMON,global,class=COMMON,space=1,delta=1,noexec
     5                           	psect	cinit,global,class=CODE,merge=1,delta=2
     6                           	psect	bssBANK0,global,class=BANK0,space=1,delta=1,noexec
     7                           	psect	clrtext,global,class=CODE,delta=2
     8                           	psect	cstackCOMMON,global,class=COMMON,space=1,delta=1,noexec
     9                           	psect	cstackBANK0,global,class=BANK0,space=1,delta=1,noexec
    10                           	psect	maintext,global,class=CODE,merge=1,split=1,delta=2
    11                           	psect	text1,local,class=CODE,merge=1,delta=2
    12                           	psect	text2,local,class=CODE,merge=1,delta=2
    13                           	psect	text3,local,class=CODE,merge=1,delta=2
    14                           	psect	text4,local,class=CODE,merge=1,delta=2
    15                           	psect	text5,local,class=CODE,merge=1,delta=2
    16                           	psect	intentry,global,class=CODE,delta=2
    17                           	psect	config,global,abs,ovrld,class=CONFIG,space=4,delta=2,noexec
    18                           	dabs	1,0x7E,2
    19  0000                     
    20                           ; Version 2.31
    21                           ; Generated 13/10/2020 GMT
    22                           ; 
    23                           ; Copyright © 2020, Microchip Technology Inc. and its subsidiaries ("Microchip")
    24                           ; All rights reserved.
    25                           ; 
    26                           ; This software is developed by Microchip Technology Inc. and its subsidiaries ("Microch
      +                          ip").
    27                           ; 
    28                           ; Redistribution and use in source and binary forms, with or without modification, are
    29                           ; permitted provided that the following conditions are met:
    30                           ; 
    31                           ;     1. Redistributions of source code must retain the above copyright notice, this lis
      +                          t of
    32                           ;        conditions and the following disclaimer.
    33                           ; 
    34                           ;     2. Redistributions in binary form must reproduce the above copyright notice, this 
      +                          list
    35                           ;        of conditions and the following disclaimer in the documentation and/or other
    36                           ;        materials provided with the distribution. Publication is not required when
    37                           ;        this file is used in an embedded application.
    38                           ; 
    39                           ;     3. Microchip's name may not be used to endorse or promote products derived from th
      +                          is
    40                           ;        software without specific prior written permission.
    41                           ; 
    42                           ; THIS SOFTWARE IS PROVIDED BY MICROCHIP "AS IS" AND ANY EXPRESS OR IMPLIED WARRANTIES,
    43                           ; INCLUDING, BUT NOT LIMITED TO, THE IMPLIED WARRANTIES OF MERCHANTABILITY AND FITNESS F
      +                          OR
    44                           ; PURPOSE ARE DISCLAIMED.  IN NO EVENT SHALL MICROCHIP BE LIABLE FOR ANY DIRECT, INDIREC
      +                          T,
    45                           ; INCIDENTAL, SPECIAL, EXEMPLARY, OR CONSEQUENTIAL DAMAGES (INCLUDING BUT NOT LIMITED TO
    46                           ; PROCUREMENT OF SUBSTITUTE GOODS OR SERVICES; LOSS OF USE, DATA OR PROFITS; OR BUSINESS
    47                           ; INTERRUPTION) HOWSOEVER CAUSED AND ON ANY THEORY OF LIABILITY, WHETHER IN CONTRACT, ST
      +                          RICT
    48                           ; LIABILITY, OR TORT (INCLUDING NEGLIGENCE OR OTHERWISE) ARISING IN ANY WAY OUT OF THE U
      +                          SE OF
    49                           ; THIS SOFTWARE, EVEN IF ADVISED OF THE POSSIBILITY OF SUCH DAMAGE.
    50                           ; 
    51                           ; 
    52                           ; Code-generator required, PIC16F1509 Definitions
    53                           ; 
    54                           ; SFR Addresses
    55  0000                     	;# 
    56  0001                     	;# 
    57  0002                     	;# 
    58  0003                     	;# 
    59  0004                     	;# 
    60  0005                     	;# 
    61  0006                     	;# 
    62  0007                     	;# 
    63  0008                     	;# 
    64  0009                     	;# 
    65  000A                     	;# 
    66  000B                     	;# 
    67  000C                     	;# 
    68  000D                     	;# 
    69  000E                     	;# 
    70  0011                     	;# 
    71  0012                     	;# 
    72  0013                     	;# 
    73  0015                     	;# 
    74  0016                     	;# 
    75  0016                     	;# 
    76  0017                     	;# 
    77  0018                     	;# 
    78  0019                     	;# 
    79  001A                     	;# 
    80  001B                     	;# 
    81  001C                     	;# 
    82  008C                     	;# 
    83  008D                     	;# 
    84  008E                     	;# 
    85  0091                     	;# 
    86  0092                     	;# 
    87  0093                     	;# 
    88  0095                     	;# 
    89  0096                     	;# 
    90  0097                     	;# 
    91  0099                     	;# 
    92  009A                     	;# 
    93  009B                     	;# 
    94  009B                     	;# 
    95  009C                     	;# 
    96  009D                     	;# 
    97  009E                     	;# 
    98  009F                     	;# 
    99  010C                     	;# 
   100  010D                     	;# 
   101  010E                     	;# 
   102  0111                     	;# 
   103  0112                     	;# 
   104  0113                     	;# 
   105  0114                     	;# 
   106  0115                     	;# 
   107  0116                     	;# 
   108  0117                     	;# 
   109  0118                     	;# 
   110  0119                     	;# 
   111  011D                     	;# 
   112  018C                     	;# 
   113  018D                     	;# 
   114  018E                     	;# 
   115  0191                     	;# 
   116  0191                     	;# 
   117  0192                     	;# 
   118  0193                     	;# 
   119  0193                     	;# 
   120  0194                     	;# 
   121  0195                     	;# 
   122  0196                     	;# 
   123  0197                     	;# 
   124  0199                     	;# 
   125  019A                     	;# 
   126  019B                     	;# 
   127  019B                     	;# 
   128  019C                     	;# 
   129  019D                     	;# 
   130  019E                     	;# 
   131  019F                     	;# 
   132  020C                     	;# 
   133  020D                     	;# 
   134  0211                     	;# 
   135  0211                     	;# 
   136  0212                     	;# 
   137  0212                     	;# 
   138  0213                     	;# 
   139  0213                     	;# 
   140  0214                     	;# 
   141  0214                     	;# 
   142  0215                     	;# 
   143  0215                     	;# 
   144  0215                     	;# 
   145  0216                     	;# 
   146  0216                     	;# 
   147  0217                     	;# 
   148  0217                     	;# 
   149  0391                     	;# 
   150  0392                     	;# 
   151  0393                     	;# 
   152  0394                     	;# 
   153  0395                     	;# 
   154  0396                     	;# 
   155  0498                     	;# 
   156  0498                     	;# 
   157  0499                     	;# 
   158  049A                     	;# 
   159  049B                     	;# 
   160  049B                     	;# 
   161  049C                     	;# 
   162  049D                     	;# 
   163  049E                     	;# 
   164  049F                     	;# 
   165  0611                     	;# 
   166  0612                     	;# 
   167  0613                     	;# 
   168  0613                     	;# 
   169  0614                     	;# 
   170  0615                     	;# 
   171  0616                     	;# 
   172  0616                     	;# 
   173  0617                     	;# 
   174  0618                     	;# 
   175  0619                     	;# 
   176  0619                     	;# 
   177  061A                     	;# 
   178  061B                     	;# 
   179  061C                     	;# 
   180  061C                     	;# 
   181  0691                     	;# 
   182  0692                     	;# 
   183  0693                     	;# 
   184  0694                     	;# 
   185  0695                     	;# 
   186  0F0F                     	;# 
   187  0F10                     	;# 
   188  0F11                     	;# 
   189  0F12                     	;# 
   190  0F13                     	;# 
   191  0F14                     	;# 
   192  0F15                     	;# 
   193  0F16                     	;# 
   194  0F17                     	;# 
   195  0F18                     	;# 
   196  0F19                     	;# 
   197  0F1A                     	;# 
   198  0F1B                     	;# 
   199  0F1C                     	;# 
   200  0F1D                     	;# 
   201  0F1E                     	;# 
   202  0F1F                     	;# 
   203  0F20                     	;# 
   204  0F21                     	;# 
   205  0F22                     	;# 
   206  0F23                     	;# 
   207  0F24                     	;# 
   208  0F25                     	;# 
   209  0F26                     	;# 
   210  0F27                     	;# 
   211  0F28                     	;# 
   212  0F29                     	;# 
   213  0F2A                     	;# 
   214  0F2B                     	;# 
   215  0F2C                     	;# 
   216  0F2D                     	;# 
   217  0F2E                     	;# 
   218  0F2F                     	;# 
   219  0F8C                     	;# 
   220  0F8D                     	;# 
   221  0F91                     	;# 
   222  0F95                     	;# 
   223  0F96                     	;# 
   224  0F97                     	;# 
   225  0F9C                     	;# 
   226  0F9D                     	;# 
   227  0F9E                     	;# 
   228  0FE3                     	;# 
   229  0FE4                     	;# 
   230  0FE5                     	;# 
   231  0FE6                     	;# 
   232  0FE7                     	;# 
   233  0FE8                     	;# 
   234  0FE9                     	;# 
   235  0FEA                     	;# 
   236  0FEB                     	;# 
   237  0FED                     	;# 
   238  0FEE                     	;# 
   239  0FEF                     	;# 
   240  0000                     	;# 
   241  0001                     	;# 
   242  0002                     	;# 
   243  0003                     	;# 
   244  0004                     	;# 
   245  0005                     	;# 
   246  0006                     	;# 
   247  0007                     	;# 
   248  0008                     	;# 
   249  0009                     	;# 
   250  000A                     	;# 
   251  000B                     	;# 
   252  000C                     	;# 
   253  000D                     	;# 
   254  000E                     	;# 
   255  0011                     	;# 
   256  0012                     	;# 
   257  0013                     	;# 
   258  0015                     	;# 
   259  0016                     	;# 
   260  0016                     	;# 
   261  0017                     	;# 
   262  0018                     	;# 
   263  0019                     	;# 
   264  001A                     	;# 
   265  001B                     	;# 
   266  001C                     	;# 
   267  008C                     	;# 
   268  008D                     	;# 
   269  008E                     	;# 
   270  0091                     	;# 
   271  0092                     	;# 
   272  0093                     	;# 
   273  0095                     	;# 
   274  0096                     	;# 
   275  0097                     	;# 
   276  0099                     	;# 
   277  009A                     	;# 
   278  009B                     	;# 
   279  009B                     	;# 
   280  009C                     	;# 
   281  009D                     	;# 
   282  009E                     	;# 
   283  009F                     	;# 
   284  010C                     	;# 
   285  010D                     	;# 
   286  010E                     	;# 
   287  0111                     	;# 
   288  0112                     	;# 
   289  0113                     	;# 
   290  0114                     	;# 
   291  0115                     	;# 
   292  0116                     	;# 
   293  0117                     	;# 
   294  0118                     	;# 
   295  0119                     	;# 
   296  011D                     	;# 
   297  018C                     	;# 
   298  018D                     	;# 
   299  018E                     	;# 
   300  0191                     	;# 
   301  0191                     	;# 
   302  0192                     	;# 
   303  0193                     	;# 
   304  0193                     	;# 
   305  0194                     	;# 
   306  0195                     	;# 
   307  0196                     	;# 
   308  0197                     	;# 
   309  0199                     	;# 
   310  019A                     	;# 
   311  019B                     	;# 
   312  019B                     	;# 
   313  019C                     	;# 
   314  019D                     	;# 
   315  019E                     	;# 
   316  019F                     	;# 
   317  020C                     	;# 
   318  020D                     	;# 
   319  0211                     	;# 
   320  0211                     	;# 
   321  0212                     	;# 
   322  0212                     	;# 
   323  0213                     	;# 
   324  0213                     	;# 
   325  0214                     	;# 
   326  0214                     	;# 
   327  0215                     	;# 
   328  0215                     	;# 
   329  0215                     	;# 
   330  0216                     	;# 
   331  0216                     	;# 
   332  0217                     	;# 
   333  0217                     	;# 
   334  0391                     	;# 
   335  0392                     	;# 
   336  0393                     	;# 
   337  0394                     	;# 
   338  0395                     	;# 
   339  0396                     	;# 
   340  0498                     	;# 
   341  0498                     	;# 
   342  0499                     	;# 
   343  049A                     	;# 
   344  049B                     	;# 
   345  049B                     	;# 
   346  049C                     	;# 
   347  049D                     	;# 
   348  049E                     	;# 
   349  049F                     	;# 
   350  0611                     	;# 
   351  0612                     	;# 
   352  0613                     	;# 
   353  0613                     	;# 
   354  0614                     	;# 
   355  0615                     	;# 
   356  0616                     	;# 
   357  0616                     	;# 
   358  0617                     	;# 
   359  0618                     	;# 
   360  0619                     	;# 
   361  0619                     	;# 
   362  061A                     	;# 
   363  061B                     	;# 
   364  061C                     	;# 
   365  061C                     	;# 
   366  0691                     	;# 
   367  0692                     	;# 
   368  0693                     	;# 
   369  0694                     	;# 
   370  0695                     	;# 
   371  0F0F                     	;# 
   372  0F10                     	;# 
   373  0F11                     	;# 
   374  0F12                     	;# 
   375  0F13                     	;# 
   376  0F14                     	;# 
   377  0F15                     	;# 
   378  0F16                     	;# 
   379  0F17                     	;# 
   380  0F18                     	;# 
   381  0F19                     	;# 
   382  0F1A                     	;# 
   383  0F1B                     	;# 
   384  0F1C                     	;# 
   385  0F1D                     	;# 
   386  0F1E                     	;# 
   387  0F1F                     	;# 
   388  0F20                     	;# 
   389  0F21                     	;# 
   390  0F22                     	;# 
   391  0F23                     	;# 
   392  0F24                     	;# 
   393  0F25                     	;# 
   394  0F26                     	;# 
   395  0F27                     	;# 
   396  0F28                     	;# 
   397  0F29                     	;# 
   398  0F2A                     	;# 
   399  0F2B                     	;# 
   400  0F2C                     	;# 
   401  0F2D                     	;# 
   402  0F2E                     	;# 
   403  0F2F                     	;# 
   404  0F8C                     	;# 
   405  0F8D                     	;# 
   406  0F91                     	;# 
   407  0F95                     	;# 
   408  0F96                     	;# 
   409  0F97                     	;# 
   410  0F9C                     	;# 
   411  0F9D                     	;# 
   412  0F9E                     	;# 
   413  0FE3                     	;# 
   414  0FE4                     	;# 
   415  0FE5                     	;# 
   416  0FE6                     	;# 
   417  0FE7                     	;# 
   418  0FE8                     	;# 
   419  0FE9                     	;# 
   420  0FEA                     	;# 
   421  0FEB                     	;# 
   422  0FED                     	;# 
   423  0FEE                     	;# 
   424  0FEF                     	;# 
   425  0000                     	;# 
   426  0001                     	;# 
   427  0002                     	;# 
   428  0003                     	;# 
   429  0004                     	;# 
   430  0005                     	;# 
   431  0006                     	;# 
   432  0007                     	;# 
   433  0008                     	;# 
   434  0009                     	;# 
   435  000A                     	;# 
   436  000B                     	;# 
   437  000C                     	;# 
   438  000D                     	;# 
   439  000E                     	;# 
   440  0011                     	;# 
   441  0012                     	;# 
   442  0013                     	;# 
   443  0015                     	;# 
   444  0016                     	;# 
   445  0016                     	;# 
   446  0017                     	;# 
   447  0018                     	;# 
   448  0019                     	;# 
   449  001A                     	;# 
   450  001B                     	;# 
   451  001C                     	;# 
   452  008C                     	;# 
   453  008D                     	;# 
   454  008E                     	;# 
   455  0091                     	;# 
   456  0092                     	;# 
   457  0093                     	;# 
   458  0095                     	;# 
   459  0096                     	;# 
   460  0097                     	;# 
   461  0099                     	;# 
   462  009A                     	;# 
   463  009B                     	;# 
   464  009B                     	;# 
   465  009C                     	;# 
   466  009D                     	;# 
   467  009E                     	;# 
   468  009F                     	;# 
   469  010C                     	;# 
   470  010D                     	;# 
   471  010E                     	;# 
   472  0111                     	;# 
   473  0112                     	;# 
   474  0113                     	;# 
   475  0114                     	;# 
   476  0115                     	;# 
   477  0116                     	;# 
   478  0117                     	;# 
   479  0118                     	;# 
   480  0119                     	;# 
   481  011D                     	;# 
   482  018C                     	;# 
   483  018D                     	;# 
   484  018E                     	;# 
   485  0191                     	;# 
   486  0191                     	;# 
   487  0192                     	;# 
   488  0193                     	;# 
   489  0193                     	;# 
   490  0194                     	;# 
   491  0195                     	;# 
   492  0196                     	;# 
   493  0197                     	;# 
   494  0199                     	;# 
   495  019A                     	;# 
   496  019B                     	;# 
   497  019B                     	;# 
   498  019C                     	;# 
   499  019D                     	;# 
   500  019E                     	;# 
   501  019F                     	;# 
   502  020C                     	;# 
   503  020D                     	;# 
   504  0211                     	;# 
   505  0211                     	;# 
   506  0212                     	;# 
   507  0212                     	;# 
   508  0213                     	;# 
   509  0213                     	;# 
   510  0214                     	;# 
   511  0214                     	;# 
   512  0215                     	;# 
   513  0215                     	;# 
   514  0215                     	;# 
   515  0216                     	;# 
   516  0216                     	;# 
   517  0217                     	;# 
   518  0217                     	;# 
   519  0391                     	;# 
   520  0392                     	;# 
   521  0393                     	;# 
   522  0394                     	;# 
   523  0395                     	;# 
   524  0396                     	;# 
   525  0498                     	;# 
   526  0498                     	;# 
   527  0499                     	;# 
   528  049A                     	;# 
   529  049B                     	;# 
   530  049B                     	;# 
   531  049C                     	;# 
   532  049D                     	;# 
   533  049E                     	;# 
   534  049F                     	;# 
   535  0611                     	;# 
   536  0612                     	;# 
   537  0613                     	;# 
   538  0613                     	;# 
   539  0614                     	;# 
   540  0615                     	;# 
   541  0616                     	;# 
   542  0616                     	;# 
   543  0617                     	;# 
   544  0618                     	;# 
   545  0619                     	;# 
   546  0619                     	;# 
   547  061A                     	;# 
   548  061B                     	;# 
   549  061C                     	;# 
   550  061C                     	;# 
   551  0691                     	;# 
   552  0692                     	;# 
   553  0693                     	;# 
   554  0694                     	;# 
   555  0695                     	;# 
   556  0F0F                     	;# 
   557  0F10                     	;# 
   558  0F11                     	;# 
   559  0F12                     	;# 
   560  0F13                     	;# 
   561  0F14                     	;# 
   562  0F15                     	;# 
   563  0F16                     	;# 
   564  0F17                     	;# 
   565  0F18                     	;# 
   566  0F19                     	;# 
   567  0F1A                     	;# 
   568  0F1B                     	;# 
   569  0F1C                     	;# 
   570  0F1D                     	;# 
   571  0F1E                     	;# 
   572  0F1F                     	;# 
   573  0F20                     	;# 
   574  0F21                     	;# 
   575  0F22                     	;# 
   576  0F23                     	;# 
   577  0F24                     	;# 
   578  0F25                     	;# 
   579  0F26                     	;# 
   580  0F27                     	;# 
   581  0F28                     	;# 
   582  0F29                     	;# 
   583  0F2A                     	;# 
   584  0F2B                     	;# 
   585  0F2C                     	;# 
   586  0F2D                     	;# 
   587  0F2E                     	;# 
   588  0F2F                     	;# 
   589  0F8C                     	;# 
   590  0F8D                     	;# 
   591  0F91                     	;# 
   592  0F95                     	;# 
   593  0F96                     	;# 
   594  0F97                     	;# 
   595  0F9C                     	;# 
   596  0F9D                     	;# 
   597  0F9E                     	;# 
   598  0FE3                     	;# 
   599  0FE4                     	;# 
   600  0FE5                     	;# 
   601  0FE6                     	;# 
   602  0FE7                     	;# 
   603  0FE8                     	;# 
   604  0FE9                     	;# 
   605  0FEA                     	;# 
   606  0FEB                     	;# 
   607  0FED                     	;# 
   608  0FEE                     	;# 
   609  0FEF                     	;# 
   610                           
   611                           	psect	nvCOMMON
   612  0079                     __pnvCOMMON:
   613  0079                     _p_NRF_SPI_Exchange:
   614  0079                     	ds	2
   615  000B                     _INTCONbits	set	11
   616  0015                     _TMR0	set	21
   617  005A                     _TMR0IF	set	90
   618  0095                     _OPTION_REG	set	149
   619  008C                     _TRISA	set	140
   620  008D                     _TRISB	set	141
   621  008E                     _TRISC	set	142
   622  0099                     _OSCCON	set	153
   623  010E                     _LATCbits	set	270
   624  018E                     _ANSELC	set	398
   625  018D                     _ANSELB	set	397
   626  018C                     _ANSELA	set	396
   627  0214                     _SSP1STATbits	set	532
   628  0211                     _SSP1BUF	set	529
   629  0215                     _SSP1CON1	set	533
   630  0214                     _SSP1STAT	set	532
   631                           
   632                           	psect	cinit
   633  0016                     start_initialization:	
   634                           ; #config settings
   635                           
   636  0016                     __initialization:
   637                           
   638                           ; Clear objects allocated to BANK0
   639  0016  3020               	movlw	low __pbssBANK0
   640  0017  0084               	movwf	4
   641  0018  3000               	movlw	high __pbssBANK0
   642  0019  0085               	movwf	5
   643  001A  3039               	movlw	57
   644  001B  3180  20CC  3180   	fcall	clear_ram0
   645  001E                     end_of_initialization:	
   646                           ;End of C runtime variable initialization code
   647                           
   648  001E                     __end_of__initialization:
   649  001E  107E               	bcf	int$flags,0	;clear compiler interrupt flag (level 1)
   650  001F  0020               	movlb	0
   651  0020  3180  2822         	ljmp	_main	;jump to C main() function
   652                           
   653                           	psect	bssBANK0
   654  0020                     __pbssBANK0:
   655  0020                     main@F3649:
   656  0020                     	ds	5
   657  0025                     _Tick_1ms:
   658  0025                     	ds	2
   659  0027                     _NFR_RxPipes:
   660  0027                     	ds	36
   661  004B                     _NRFChip:
   662  004B                     	ds	14
   663                           
   664                           	psect	clrtext
   665  00CC                     clear_ram0:	
   666                           ;	Called with FSR0 containing the base address, and
   667                           ;	WREG with the size to clear
   668                           
   669  00CC  0064               	clrwdt	;clear the watchdog before getting into this loop
   670  00CD                     clrloop0:
   671  00CD  0180               	clrf	0	;clear RAM location pointed to by FSR
   672  00CE  3101               	addfsr 0,1
   673  00CF  0B89               	decfsz	9,f	;Have we reached the end of clearing yet?
   674  00D0  28CD               	goto	clrloop0	;have we reached the end yet?
   675  00D1  3400               	retlw	0	;all done for this memory range, return
   676                           
   677                           	psect	cstackCOMMON
   678  0070                     __pcstackCOMMON:
   679  0070                     ?_MCU_Init:
   680  0070                     ??_MCU_Init:	
   681                           ; 1 bytes @ 0x0
   682                           
   683  0070                     ?_SPI_Exchange:	
   684                           ; 1 bytes @ 0x0
   685                           
   686  0070                     ?_NRF_Set_SPI_Handler:	
   687                           ; 1 bytes @ 0x0
   688                           
   689  0070                     ?_main:	
   690                           ; 1 bytes @ 0x0
   691                           
   692  0070                     ?_ISR:	
   693                           ; 1 bytes @ 0x0
   694                           
   695  0070                     ??_ISR:	
   696                           ; 1 bytes @ 0x0
   697                           
   698  0070                     SPI_Exchange@Data:	
   699                           ; 1 bytes @ 0x0
   700                           
   701  0070                     NRF_Set_SPI_Handler@SPI_Handler:	
   702                           ; 1 bytes @ 0x0
   703                           
   704                           
   705                           ; 2 bytes @ 0x0
   706  0070                     	ds	1
   707  0071                     ??_SPI_Exchange:
   708  0071                     ?_NRF_Read_Register:	
   709                           ; 1 bytes @ 0x1
   710                           
   711  0071                     NRF_Read_Register@Bytes:	
   712                           ; 1 bytes @ 0x1
   713                           
   714                           
   715                           ; 1 bytes @ 0x1
   716  0071                     	ds	1
   717  0072                     ?_NRF24L01_Init:
   718  0072                     ??_NRF_Set_SPI_Handler:	
   719                           ; 1 bytes @ 0x2
   720                           
   721  0072                     NRF_Read_Register@Length:	
   722                           ; 1 bytes @ 0x2
   723                           
   724  0072                     NRF24L01_Init@SPI_Exchange:	
   725                           ; 1 bytes @ 0x2
   726                           
   727                           
   728                           ; 2 bytes @ 0x2
   729  0072                     	ds	1
   730  0073                     ??_NRF_Read_Register:
   731                           
   732                           ; 1 bytes @ 0x3
   733  0073                     	ds	1
   734  0074                     ??_NRF24L01_Init:
   735                           
   736                           ; 1 bytes @ 0x4
   737  0074                     	ds	1
   738  0075                     NRF_Read_Register@Register:
   739                           
   740                           ; 1 bytes @ 0x5
   741  0075                     	ds	1
   742  0076                     NRF_Read_Register@Status:
   743                           
   744                           ; 1 bytes @ 0x6
   745  0076                     	ds	1
   746  0077                     ??_main:
   747                           
   748                           ; 1 bytes @ 0x7
   749  0077                     	ds	2
   750                           
   751                           	psect	cstackBANK0
   752  0059                     __pcstackBANK0:
   753  0059                     main@P0ddr:
   754                           
   755                           ; 5 bytes @ 0x0
   756  0059                     	ds	5
   757  005E                     main@timeout:
   758                           
   759                           ; 2 bytes @ 0x5
   760  005E                     	ds	2
   761                           
   762                           	psect	maintext
   763  0022                     __pmaintext:	
   764 ;;
   765 ;;Main: autosize = 0, tempsize = 2, incstack = 0, save=0
   766 ;;
   767 ;; *************** function _main *****************
   768 ;; Defined at:
   769 ;;		line 10 in file "02-SRC/02-APPLICATION/main.c"
   770 ;; Parameters:    Size  Location     Type
   771 ;;		None
   772 ;; Auto vars:     Size  Location     Type
   773 ;;  P0ddr           5    0[BANK0 ] unsigned char [5]
   774 ;;  timeout         2    5[BANK0 ] unsigned short 
   775 ;; Return value:  Size  Location     Type
   776 ;;                  1    wreg      void 
   777 ;; Registers used:
   778 ;;		wreg, fsr1l, fsr1h, status,2, status,0, pclath, cstack
   779 ;; Tracked objects:
   780 ;;		On entry : B1F/0
   781 ;;		On exit  : 0/0
   782 ;;		Unchanged: 0/0
   783 ;; Data sizes:     COMMON   BANK0   BANK1   BANK2   BANK3   BANK4   BANK5
   784 ;;      Params:         0       0       0       0       0       0       0
   785 ;;      Locals:         0       7       0       0       0       0       0
   786 ;;      Temps:          2       0       0       0       0       0       0
   787 ;;      Totals:         2       7       0       0       0       0       0
   788 ;;Total ram usage:        9 bytes
   789 ;; Hardware stack levels required when called:    3
   790 ;; This function calls:
   791 ;;		_MCU_Init
   792 ;;		_NRF24L01_Init
   793 ;;		_NRF_Read_Register
   794 ;; This function is called by:
   795 ;;		Startup code after reset
   796 ;; This function uses a non-reentrant model
   797 ;;
   798                           
   799                           
   800                           ;psect for function _main
   801  0022                     _main:
   802  0022                     l1068:	
   803                           ;incstack = 0
   804                           ; Regs used in _main: [wreg+fsr1l+fsr1h+status,2+status,0+pclath+cstack]
   805                           
   806  0022  30F4               	movlw	244
   807  0023  0020               	movlb	0	; select bank0
   808  0024  00DE               	movwf	main@timeout
   809  0025  3001               	movlw	1
   810  0026  00DF               	movwf	main@timeout+1
   811  0027                     l1070:
   812  0027  3059               	movlw	low main@P0ddr
   813  0028  0086               	movwf	6
   814  0029  3000               	movlw	high main@P0ddr
   815  002A  0087               	movwf	7
   816  002B  3005               	movlw	5
   817  002C  00F7               	movwf	??_main
   818  002D  3000               	movlw	0
   819  002E                     u270:
   820  002E  001E               	movwi fsr1++
   821  002F  0BF7               	decfsz	??_main,f
   822  0030  282E               	goto	u270
   823  0031                     l1072:
   824  0031  3180  2098  3180   	fcall	_MCU_Init
   825  0034                     l1074:
   826  0034  30C3               	movlw	low _SPI_Exchange
   827  0035  00F2               	movwf	NRF24L01_Init@SPI_Exchange
   828  0036  3000               	movlw	high _SPI_Exchange
   829  0037  00F3               	movwf	NRF24L01_Init@SPI_Exchange+1
   830  0038  3180  20B8  3180   	fcall	_NRF24L01_Init
   831  003B                     l1076:
   832  003B  0022               	movlb	2	; select bank2
   833  003C  120E               	bcf	14,4	;volatile
   834  003D                     l1078:
   835  003D  3059               	movlw	(low (main@P0ddr| 0))& (0+255)
   836  003E  00F7               	movwf	??_main
   837  003F  0877               	movf	??_main,w
   838  0040  00F1               	movwf	NRF_Read_Register@Bytes
   839  0041  3005               	movlw	5
   840  0042  00F8               	movwf	??_main+1
   841  0043  0878               	movf	??_main+1,w
   842  0044  00F2               	movwf	NRF_Read_Register@Length
   843  0045  3010               	movlw	16
   844  0046  3180  206A  3180   	fcall	_NRF_Read_Register
   845  0049                     l1080:
   846  0049  0020               	movlb	0	; select bank0
   847  004A  085F               	movf	main@timeout+1,w
   848  004B  0226               	subwf	_Tick_1ms+1,w
   849  004C  1D03               	skipz
   850  004D  2850               	goto	u285
   851  004E  085E               	movf	main@timeout,w
   852  004F  0225               	subwf	_Tick_1ms,w
   853  0050                     u285:
   854  0050  1C03               	skipc
   855  0051  2853               	goto	u281
   856  0052  2854               	goto	u280
   857  0053                     u281:
   858  0053  2849               	goto	l1080
   859  0054                     u280:
   860  0054                     l1082:
   861  0054  0022               	movlb	2	; select bank2
   862  0055  0E0E               	swapf	14,w	;volatile
   863  0056  3901               	andlw	1
   864  0057  00F7               	movwf	??_main
   865  0058  3001               	movlw	1
   866  0059  06F7               	xorwf	??_main,f
   867  005A  0EF7               	swapf	??_main,f
   868  005B  080E               	movf	14,w	;volatile
   869  005C  0677               	xorwf	??_main,w
   870  005D  39EF               	andlw	-17
   871  005E  0677               	xorwf	??_main,w
   872  005F  008E               	movwf	14	;volatile
   873  0060  0020               	movlb	0	; select bank0
   874  0061  0825               	movf	_Tick_1ms,w
   875  0062  3EF4               	addlw	244
   876  0063  00DE               	movwf	main@timeout
   877  0064  3001               	movlw	1
   878  0065  3D26               	addwfc	_Tick_1ms+1,w
   879  0066  00DF               	movwf	main@timeout+1
   880  0067  2849               	goto	l1080
   881  0068  3180  2814         	ljmp	start
   882  006A                     __end_of_main:
   883                           
   884                           	psect	text1
   885  006A                     __ptext1:	
   886 ;; *************** function _NRF_Read_Register *****************
   887 ;; Defined at:
   888 ;;		line 205 in file "02-SRC/04-DRIVER/NRF24L01/NRF24L01.c"
   889 ;; Parameters:    Size  Location     Type
   890 ;;  Register        1    wreg     unsigned char 
   891 ;;  Bytes           1    1[COMMON] PTR unsigned char 
   892 ;;		 -> NRF_StatusHandler@NRF_Fifo(1), NRFChip.RF_SETUP(1), NRFChip.CONFIG(1), NRF_PipeDisableAA@AA(1), 
   893 ;;		 -> NRF_PipeEnableAA@AA(1), NRF_PipeDisable@EN(1), NRF_PipeEnable@EN(1), NRFChip(14), 
   894 ;;		 -> main@P0ddr(5), 
   895 ;;  Length          1    2[COMMON] unsigned char 
   896 ;; Auto vars:     Size  Location     Type
   897 ;;  Register        1    5[COMMON] unsigned char 
   898 ;;  Status          1    6[COMMON] unsigned char 
   899 ;; Return value:  Size  Location     Type
   900 ;;                  1    wreg      unsigned char 
   901 ;; Registers used:
   902 ;;		wreg, fsr1l, fsr1h, status,2, status,0, pclath, cstack
   903 ;; Tracked objects:
   904 ;;		On entry : 0/0
   905 ;;		On exit  : 0/0
   906 ;;		Unchanged: 0/0
   907 ;; Data sizes:     COMMON   BANK0   BANK1   BANK2   BANK3   BANK4   BANK5
   908 ;;      Params:         2       0       0       0       0       0       0
   909 ;;      Locals:         2       0       0       0       0       0       0
   910 ;;      Temps:          2       0       0       0       0       0       0
   911 ;;      Totals:         6       0       0       0       0       0       0
   912 ;;Total ram usage:        6 bytes
   913 ;; Hardware stack levels used:    1
   914 ;; Hardware stack levels required when called:    2
   915 ;; This function calls:
   916 ;;		Absolute function
   917 ;;		_SPI_Exchange
   918 ;; This function is called by:
   919 ;;		_main
   920 ;;		_NRF_PipeEnable
   921 ;;		_NRF_PipeDisable
   922 ;;		_NRF_PipeEnableAA
   923 ;;		_NRF_PipeDisableAA
   924 ;;		_NRF_SetPrimaryAs
   925 ;;		_NRF_SetRFPower
   926 ;;		_NRF_SetRFDataRate
   927 ;;		_NRF_StartListening
   928 ;;		_NRF_SetMaskIRQ
   929 ;;		_NRF_StatusHandler
   930 ;; This function uses a non-reentrant model
   931 ;;
   932                           
   933                           
   934                           ;psect for function _NRF_Read_Register
   935  006A                     _NRF_Read_Register:
   936                           
   937                           ;incstack = 0
   938                           ; Regs used in _NRF_Read_Register: [wreg+fsr1l+fsr1h+status,2+status,0+pclath+cstack]
   939                           ;NRF_Read_Register@Register stored from wreg
   940  006A  00F5               	movwf	NRF_Read_Register@Register
   941  006B                     l1052:
   942  006B                     l1054:
   943  006B  0022               	movlb	2	; select bank2
   944  006C  108E               	bcf	14,1	;volatile
   945  006D                     l1056:
   946  006D  0875               	movf	NRF_Read_Register@Register,w
   947  006E  00F3               	movwf	??_NRF_Read_Register
   948  006F  0873               	movf	??_NRF_Read_Register,w
   949  0070  00F0               	movwf	SPI_Exchange@Data
   950  0071  087A               	movf	_p_NRF_SPI_Exchange+1,w
   951  0072  008A               	movwf	10
   952  0073  0879               	movf	_p_NRF_SPI_Exchange,w
   953  0074  000A               	callw
   954  0075  3180               	pagesel	$
   955  0076  00F4               	movwf	??_NRF_Read_Register+1
   956  0077  0874               	movf	??_NRF_Read_Register+1,w
   957  0078  00F6               	movwf	NRF_Read_Register@Status
   958  0079  288D               	goto	l1062
   959  007A                     l1058:
   960  007A  30FF               	movlw	255
   961  007B  00F3               	movwf	??_NRF_Read_Register
   962  007C  0873               	movf	??_NRF_Read_Register,w
   963  007D  00F0               	movwf	SPI_Exchange@Data
   964  007E  087A               	movf	_p_NRF_SPI_Exchange+1,w
   965  007F  008A               	movwf	10
   966  0080  0879               	movf	_p_NRF_SPI_Exchange,w
   967  0081  000A               	callw
   968  0082  3180               	pagesel	$
   969  0083  00F4               	movwf	??_NRF_Read_Register+1
   970  0084  0871               	movf	NRF_Read_Register@Bytes,w
   971  0085  0086               	movwf	6
   972  0086  0187               	clrf	7
   973  0087  0874               	movf	??_NRF_Read_Register+1,w
   974  0088  0081               	movwf	1
   975  0089                     l1060:
   976  0089  3001               	movlw	1
   977  008A  00F3               	movwf	??_NRF_Read_Register
   978  008B  0873               	movf	??_NRF_Read_Register,w
   979  008C  07F1               	addwf	NRF_Read_Register@Bytes,f
   980  008D                     l1062:
   981  008D  3001               	movlw	1
   982  008E  02F2               	subwf	NRF_Read_Register@Length,f
   983  008F  0A72               	incf	NRF_Read_Register@Length,w
   984  0090  1D03               	btfss	3,2
   985  0091  2893               	goto	u261
   986  0092  2894               	goto	u260
   987  0093                     u261:
   988  0093  287A               	goto	l1058
   989  0094                     u260:
   990  0094                     l146:
   991  0094  0022               	movlb	2	; select bank2
   992  0095  148E               	bsf	14,1	;volatile
   993  0096                     l1064:
   994  0096  0876               	movf	NRF_Read_Register@Status,w
   995  0097                     l147:
   996  0097  0008               	return
   997  0098                     __end_of_NRF_Read_Register:
   998                           
   999                           	psect	text2
  1000  00C3                     __ptext2:	
  1001 ;; *************** function _SPI_Exchange *****************
  1002 ;; Defined at:
  1003 ;;		line 41 in file "02-SRC/04-DRIVER/target.c"
  1004 ;; Parameters:    Size  Location     Type
  1005 ;;  Data            1    0[COMMON] unsigned char 
  1006 ;; Auto vars:     Size  Location     Type
  1007 ;;		None
  1008 ;; Return value:  Size  Location     Type
  1009 ;;                  1    wreg      unsigned char 
  1010 ;; Registers used:
  1011 ;;		wreg
  1012 ;; Tracked objects:
  1013 ;;		On entry : 0/0
  1014 ;;		On exit  : 0/0
  1015 ;;		Unchanged: 0/0
  1016 ;; Data sizes:     COMMON   BANK0   BANK1   BANK2   BANK3   BANK4   BANK5
  1017 ;;      Params:         1       0       0       0       0       0       0
  1018 ;;      Locals:         0       0       0       0       0       0       0
  1019 ;;      Temps:          0       0       0       0       0       0       0
  1020 ;;      Totals:         1       0       0       0       0       0       0
  1021 ;;Total ram usage:        1 bytes
  1022 ;; Hardware stack levels used:    1
  1023 ;; Hardware stack levels required when called:    1
  1024 ;; This function calls:
  1025 ;;		Nothing
  1026 ;; This function is called by:
  1027 ;;		_main
  1028 ;;		_NRF_Read_Register
  1029 ;;		_NRF_Write_Register
  1030 ;;		_NRF_GetStatus
  1031 ;;		_NRF_ReadPayload
  1032 ;;		_NRF_WritePayload
  1033 ;;		_NRF_StatusHandler
  1034 ;; This function uses a non-reentrant model
  1035 ;;
  1036                           
  1037                           
  1038                           ;psect for function _SPI_Exchange
  1039  00C3                     _SPI_Exchange:
  1040  00C3                     l1016:	
  1041                           ;incstack = 0
  1042                           ; Regs used in _SPI_Exchange: [wreg]
  1043                           
  1044  00C3  0870               	movf	SPI_Exchange@Data,w
  1045  00C4  0024               	movlb	4	; select bank4
  1046  00C5  0091               	movwf	17	;volatile
  1047  00C6                     l211:
  1048  00C6  1C14               	btfss	20,0	;volatile
  1049  00C7  28C9               	goto	u251
  1050  00C8  28CA               	goto	u250
  1051  00C9                     u251:
  1052  00C9  28C6               	goto	l211
  1053  00CA                     u250:
  1054  00CA                     l1018:
  1055  00CA  0811               	movf	17,w	;volatile
  1056  00CB                     l214:
  1057  00CB  0008               	return
  1058  00CC                     __end_of_SPI_Exchange:
  1059                           
  1060                           	psect	text3
  1061  00B8                     __ptext3:	
  1062 ;; *************** function _NRF24L01_Init *****************
  1063 ;; Defined at:
  1064 ;;		line 11 in file "02-SRC/04-DRIVER/NRF24L01/NRF24L01.c"
  1065 ;; Parameters:    Size  Location     Type
  1066 ;;  SPI_Exchange    2    2[COMMON] PTR FTN(unsigned char ,)
  1067 ;;		 -> SPI_Exchange(1), 
  1068 ;; Auto vars:     Size  Location     Type
  1069 ;;		None
  1070 ;; Return value:  Size  Location     Type
  1071 ;;                  1    wreg      void 
  1072 ;; Registers used:
  1073 ;;		wreg, status,2, status,0, pclath, cstack
  1074 ;; Tracked objects:
  1075 ;;		On entry : 0/0
  1076 ;;		On exit  : 0/0
  1077 ;;		Unchanged: 0/0
  1078 ;; Data sizes:     COMMON   BANK0   BANK1   BANK2   BANK3   BANK4   BANK5
  1079 ;;      Params:         2       0       0       0       0       0       0
  1080 ;;      Locals:         0       0       0       0       0       0       0
  1081 ;;      Temps:          0       0       0       0       0       0       0
  1082 ;;      Totals:         2       0       0       0       0       0       0
  1083 ;;Total ram usage:        2 bytes
  1084 ;; Hardware stack levels used:    1
  1085 ;; Hardware stack levels required when called:    2
  1086 ;; This function calls:
  1087 ;;		_NRF_Set_SPI_Handler
  1088 ;; This function is called by:
  1089 ;;		_main
  1090 ;; This function uses a non-reentrant model
  1091 ;;
  1092                           
  1093                           
  1094                           ;psect for function _NRF24L01_Init
  1095  00B8                     _NRF24L01_Init:
  1096  00B8                     l1046:	
  1097                           ;incstack = 0
  1098                           ; Regs used in _NRF24L01_Init: [wreg+status,2+status,0+pclath+cstack]
  1099                           
  1100  00B8  0873               	movf	NRF24L01_Init@SPI_Exchange+1,w
  1101  00B9  00F1               	movwf	NRF_Set_SPI_Handler@SPI_Handler+1
  1102  00BA  0872               	movf	NRF24L01_Init@SPI_Exchange,w
  1103  00BB  00F0               	movwf	NRF_Set_SPI_Handler@SPI_Handler
  1104  00BC  3180  20D2  3180   	fcall	_NRF_Set_SPI_Handler
  1105  00BF                     l1048:
  1106  00BF  0022               	movlb	2	; select bank2
  1107  00C0  100E               	bcf	14,0	;volatile
  1108  00C1                     l1050:
  1109  00C1  148E               	bsf	14,1	;volatile
  1110  00C2                     l48:
  1111  00C2  0008               	return
  1112  00C3                     __end_of_NRF24L01_Init:
  1113                           
  1114                           	psect	text4
  1115  00D2                     __ptext4:	
  1116 ;; *************** function _NRF_Set_SPI_Handler *****************
  1117 ;; Defined at:
  1118 ;;		line 246 in file "02-SRC/04-DRIVER/NRF24L01/NRF24L01.c"
  1119 ;; Parameters:    Size  Location     Type
  1120 ;;  SPI_Handler     2    0[COMMON] PTR FTN(unsigned char ,)
  1121 ;;		 -> SPI_Exchange(1), 
  1122 ;; Auto vars:     Size  Location     Type
  1123 ;;		None
  1124 ;; Return value:  Size  Location     Type
  1125 ;;                  1    wreg      void 
  1126 ;; Registers used:
  1127 ;;		wreg
  1128 ;; Tracked objects:
  1129 ;;		On entry : 0/0
  1130 ;;		On exit  : 0/0
  1131 ;;		Unchanged: 0/0
  1132 ;; Data sizes:     COMMON   BANK0   BANK1   BANK2   BANK3   BANK4   BANK5
  1133 ;;      Params:         2       0       0       0       0       0       0
  1134 ;;      Locals:         0       0       0       0       0       0       0
  1135 ;;      Temps:          0       0       0       0       0       0       0
  1136 ;;      Totals:         2       0       0       0       0       0       0
  1137 ;;Total ram usage:        2 bytes
  1138 ;; Hardware stack levels used:    1
  1139 ;; Hardware stack levels required when called:    1
  1140 ;; This function calls:
  1141 ;;		Nothing
  1142 ;; This function is called by:
  1143 ;;		_NRF24L01_Init
  1144 ;; This function uses a non-reentrant model
  1145 ;;
  1146                           
  1147                           
  1148                           ;psect for function _NRF_Set_SPI_Handler
  1149  00D2                     _NRF_Set_SPI_Handler:
  1150  00D2                     l1014:	
  1151                           ;incstack = 0
  1152                           ; Regs used in _NRF_Set_SPI_Handler: [wreg]
  1153                           
  1154  00D2  0871               	movf	NRF_Set_SPI_Handler@SPI_Handler+1,w
  1155  00D3  00FA               	movwf	_p_NRF_SPI_Exchange+1
  1156  00D4  0870               	movf	NRF_Set_SPI_Handler@SPI_Handler,w
  1157  00D5  00F9               	movwf	_p_NRF_SPI_Exchange
  1158  00D6                     l164:
  1159  00D6  0008               	return
  1160  00D7                     __end_of_NRF_Set_SPI_Handler:
  1161                           
  1162                           	psect	text5
  1163  0098                     __ptext5:	
  1164 ;; *************** function _MCU_Init *****************
  1165 ;; Defined at:
  1166 ;;		line 7 in file "02-SRC/04-DRIVER/target.c"
  1167 ;; Parameters:    Size  Location     Type
  1168 ;;		None
  1169 ;; Auto vars:     Size  Location     Type
  1170 ;;		None
  1171 ;; Return value:  Size  Location     Type
  1172 ;;                  1    wreg      void 
  1173 ;; Registers used:
  1174 ;;		wreg, status,2
  1175 ;; Tracked objects:
  1176 ;;		On entry : 0/0
  1177 ;;		On exit  : 0/0
  1178 ;;		Unchanged: 0/0
  1179 ;; Data sizes:     COMMON   BANK0   BANK1   BANK2   BANK3   BANK4   BANK5
  1180 ;;      Params:         0       0       0       0       0       0       0
  1181 ;;      Locals:         0       0       0       0       0       0       0
  1182 ;;      Temps:          0       0       0       0       0       0       0
  1183 ;;      Totals:         0       0       0       0       0       0       0
  1184 ;;Total ram usage:        0 bytes
  1185 ;; Hardware stack levels used:    1
  1186 ;; Hardware stack levels required when called:    1
  1187 ;; This function calls:
  1188 ;;		Nothing
  1189 ;; This function is called by:
  1190 ;;		_main
  1191 ;; This function uses a non-reentrant model
  1192 ;;
  1193                           
  1194                           
  1195                           ;psect for function _MCU_Init
  1196  0098                     _MCU_Init:
  1197  0098                     l1022:	
  1198                           ;incstack = 0
  1199                           ; Regs used in _MCU_Init: [wreg+status,2]
  1200                           
  1201  0098  0020               	movlb	0	; select bank0
  1202  0099  01A5               	clrf	_Tick_1ms
  1203  009A  01A6               	clrf	_Tick_1ms+1
  1204  009B                     l1024:
  1205  009B  3078               	movlw	120
  1206  009C  0021               	movlb	1	; select bank1
  1207  009D  0099               	movwf	25	;volatile
  1208  009E                     l1026:
  1209  009E  0023               	movlb	3	; select bank3
  1210  009F  018C               	clrf	12	;volatile
  1211  00A0                     l1028:
  1212  00A0  018D               	clrf	13	;volatile
  1213  00A1                     l1030:
  1214  00A1  3044               	movlw	68
  1215  00A2  008E               	movwf	14	;volatile
  1216  00A3                     l1032:
  1217  00A3  3044               	movlw	68
  1218  00A4  0021               	movlb	1	; select bank1
  1219  00A5  008E               	movwf	14	;volatile
  1220  00A6                     l1034:
  1221  00A6  303F               	movlw	63
  1222  00A7  008D               	movwf	13	;volatile
  1223  00A8                     l1036:
  1224  00A8  30FF               	movlw	255
  1225  00A9  008C               	movwf	12	;volatile
  1226  00AA                     l1038:
  1227  00AA  0024               	movlb	4	; select bank4
  1228  00AB  0194               	clrf	20	;volatile
  1229  00AC  3022               	movlw	34
  1230  00AD  0095               	movwf	21	;volatile
  1231  00AE  3083               	movlw	131
  1232  00AF  0021               	movlb	1	; select bank1
  1233  00B0  0095               	movwf	21	;volatile
  1234  00B1  3005               	movlw	5
  1235  00B2  0020               	movlb	0	; select bank0
  1236  00B3  0095               	movwf	21	;volatile
  1237  00B4                     l1040:
  1238  00B4  168B               	bsf	11,5	;volatile
  1239  00B5                     l1042:
  1240  00B5  170B               	bsf	11,6	;volatile
  1241  00B6                     l1044:
  1242  00B6  178B               	bsf	11,7	;volatile
  1243  00B7                     l199:
  1244  00B7  0008               	return
  1245  00B8                     __end_of_MCU_Init:
  1246                           
  1247                           	psect	intentry
  1248  0004                     __pintentry:	
  1249 ;; *************** function _ISR *****************
  1250 ;; Defined at:
  1251 ;;		line 33 in file "02-SRC/04-DRIVER/target.c"
  1252 ;; Parameters:    Size  Location     Type
  1253 ;;		None
  1254 ;; Auto vars:     Size  Location     Type
  1255 ;;		None
  1256 ;; Return value:  Size  Location     Type
  1257 ;;                  1    wreg      void 
  1258 ;; Registers used:
  1259 ;;		wreg
  1260 ;; Tracked objects:
  1261 ;;		On entry : 0/0
  1262 ;;		On exit  : 0/0
  1263 ;;		Unchanged: 0/0
  1264 ;; Data sizes:     COMMON   BANK0   BANK1   BANK2   BANK3   BANK4   BANK5
  1265 ;;      Params:         0       0       0       0       0       0       0
  1266 ;;      Locals:         0       0       0       0       0       0       0
  1267 ;;      Temps:          0       0       0       0       0       0       0
  1268 ;;      Totals:         0       0       0       0       0       0       0
  1269 ;;Total ram usage:        0 bytes
  1270 ;; Hardware stack levels used:    1
  1271 ;; This function calls:
  1272 ;;		Nothing
  1273 ;; This function is called by:
  1274 ;;		Interrupt level 1
  1275 ;; This function uses a non-reentrant model
  1276 ;;
  1277                           
  1278  0004                     _ISR:
  1279                           
  1280                           ;incstack = 0
  1281  0004  147E               	bsf	int$flags,0	;set compiler interrupt flag (level 1)
  1282                           
  1283                           ; Regs used in _ISR: [wreg]
  1284  0005  3180               	pagesel	$
  1285  0006                     i1l1276:
  1286  0006  1D0B               	btfss	11,2	;volatile
  1287  0007  2809               	goto	u49_21
  1288  0008  280A               	goto	u49_20
  1289  0009                     u49_21:
  1290  0009  2812               	goto	i1l208
  1291  000A                     u49_20:
  1292  000A                     i1l1278:
  1293  000A  3005               	movlw	5
  1294  000B  0020               	movlb	0	; select bank0
  1295  000C  0095               	movwf	21	;volatile
  1296  000D  3001               	movlw	1
  1297  000E  07A5               	addwf	_Tick_1ms,f
  1298  000F  3000               	movlw	0
  1299  0010  3DA6               	addwfc	_Tick_1ms+1,f
  1300  0011                     i1l1280:
  1301  0011  110B               	bcf	11,2	;volatile
  1302  0012                     i1l208:
  1303  0012  107E               	bcf	int$flags,0	;clear compiler interrupt flag (level 1)
  1304  0013  0009               	retfie
  1305  0014                     __end_of_ISR:
  1306  007E                     btemp	set	126	;btemp
  1307  007E                     int$flags	set	126
  1308  007E                     wtemp0	set	126
  1309                           
  1310                           	psect	config
  1311                           
  1312                           ;Config register CONFIG1 @ 0x8007
  1313                           ;	Oscillator Selection Bits
  1314                           ;	FOSC = HS, HS Oscillator, High-speed crystal/resonator connected between OSC1 and OSC2
      +                           pins
  1315                           ;	Watchdog Timer Enable
  1316                           ;	WDTE = OFF, WDT disabled
  1317                           ;	Power-up Timer Enable
  1318                           ;	PWRTE = ON, PWRT enabled
  1319                           ;	MCLR Pin Function Select
  1320                           ;	MCLRE = ON, MCLR/VPP pin function is MCLR
  1321                           ;	Flash Program Memory Code Protection
  1322                           ;	CP = OFF, Program memory code protection is disabled
  1323                           ;	Brown-out Reset Enable
  1324                           ;	BOREN = OFF, Brown-out Reset disabled
  1325                           ;	Clock Out Enable
  1326                           ;	CLKOUTEN = OFF, CLKOUT function is disabled. I/O or oscillator function on the CLKOUT 
      +                          pin
  1327                           ;	Internal/External Switchover Mode
  1328                           ;	IESO = ON, Internal/External Switchover Mode is enabled
  1329                           ;	Fail-Safe Clock Monitor Enable
  1330                           ;	FCMEN = ON, Fail-Safe Clock Monitor is enabled
  1331  8007                     	org	32775
  1332  8007  39C2               	dw	14786
  1333                           
  1334                           ;Config register CONFIG2 @ 0x8008
  1335                           ;	Flash Memory Self-Write Protection
  1336                           ;	WRT = OFF, Write protection off
  1337                           ;	Stack Overflow/Underflow Reset Enable
  1338                           ;	STVREN = ON, Stack Overflow or Underflow will cause a Reset
  1339                           ;	Brown-out Reset Voltage Selection
  1340                           ;	BORV = HI, Brown-out Reset Voltage (Vbor), high trip point selected.
  1341                           ;	Low-Power Brown Out Reset
  1342                           ;	LPBOR = ON, Low-Power BOR is enabled
  1343                           ;	Low-Voltage Programming Enable
  1344                           ;	LVP = OFF, High-voltage on MCLR/VPP must be used for programming
  1345  8008                     	org	32776
  1346  8008  13FF               	dw	5119

Data Sizes:
    Strings     0
    Constant    0
    Data        0
    BSS         57
    Persistent  34
    Stack       0

Auto Spaces:
    Space          Size  Autos    Used
    COMMON           14      9      11
    BANK0            80      7      64
    BANK1            80      0       0
    BANK2            80      0       0
    BANK3            80      0       0
    BANK4            80      0       0
    BANK5            80      0       0

Pointer List with Targets:

    NRF_Set_SPI_Handler@SPI_Handler	PTR FTN(unsigned char ,)unsigned char  size(2) Largest target is 1
		 -> SPI_Exchange(), 

    NRF_Read_Register@Bytes	PTR unsigned char  size(1) Largest target is 14
		 -> NRF_StatusHandler@NRF_Fifo(COMMON[1]), NRFChip.RF_SETUP(BANK0[1]), NRFChip.CONFIG(BANK0[1]), NRF_PipeDisableAA@AA(COMMON[1]), 
		 -> NRF_PipeEnableAA@AA(COMMON[1]), NRF_PipeDisable@EN(COMMON[1]), NRF_PipeEnable@EN(COMMON[1]), NRFChip(BANK0[14]), 
		 -> main@P0ddr(BANK0[5]), 

    p_NRF_SPI_Exchange	PTR FTN(unsigned char ,)unsigned char  size(2) Largest target is 1
		 -> Absolute function(), SPI_Exchange(), 

    NRF24L01_Init@SPI_Exchange	PTR FTN(unsigned char ,)unsigned char  size(2) Largest target is 1
		 -> SPI_Exchange(), 


Critical Paths under _main in COMMON

    _main->_NRF_Read_Register
    _NRF_Read_Register->_SPI_Exchange
    _NRF24L01_Init->_NRF_Set_SPI_Handler

Critical Paths under _ISR in COMMON

    None.

Critical Paths under _main in BANK0

    None.

Critical Paths under _ISR in BANK0

    None.

Critical Paths under _main in BANK1

    None.

Critical Paths under _ISR in BANK1

    None.

Critical Paths under _main in BANK2

    None.

Critical Paths under _ISR in BANK2

    None.

Critical Paths under _main in BANK3

    None.

Critical Paths under _ISR in BANK3

    None.

Critical Paths under _main in BANK4

    None.

Critical Paths under _ISR in BANK4

    None.

Critical Paths under _main in BANK5

    None.

Critical Paths under _ISR in BANK5

    None.

Call Graph Tables:

 ---------------------------------------------------------------------------------
 (Depth) Function   	        Calls       Base Space   Used Autos Params    Refs
 ---------------------------------------------------------------------------------
 (0) _main                                                 9     9      0    2560
                                              7 COMMON     2     2      0
                                              0 BANK0      7     7      0
                           _MCU_Init
                      _NRF24L01_Init
                  _NRF_Read_Register
 ---------------------------------------------------------------------------------
 (1) _NRF_Read_Register                                    6     4      2    2315
                                              1 COMMON     6     4      2
                   Absolute function *
                       _SPI_Exchange *
 ---------------------------------------------------------------------------------
 (2) _SPI_Exchange                                         1     0      1     552
                                              0 COMMON     1     0      1
 ---------------------------------------------------------------------------------
 (2) Absolute function(Fake)                               1     0      1       0
 ---------------------------------------------------------------------------------
 (1) _NRF24L01_Init                                        2     0      2     196
                                              2 COMMON     2     0      2
                _NRF_Set_SPI_Handler
 ---------------------------------------------------------------------------------
 (2) _NRF_Set_SPI_Handler                                  2     0      2      98
                                              0 COMMON     2     0      2
 ---------------------------------------------------------------------------------
 (1) _MCU_Init                                             0     0      0       0
 ---------------------------------------------------------------------------------
 Estimated maximum stack depth 2
 ---------------------------------------------------------------------------------
 (Depth) Function   	        Calls       Base Space   Used Autos Params    Refs
 ---------------------------------------------------------------------------------
 (3) _ISR                                                  0     0      0       0
 ---------------------------------------------------------------------------------
 Estimated maximum stack depth 3
 ---------------------------------------------------------------------------------

 Call Graph Graphs:

 _main (ROOT)
   _MCU_Init
   _NRF24L01_Init
     _NRF_Set_SPI_Handler
   _NRF_Read_Register
     Absolute function(Fake) *
     _SPI_Exchange *

 _ISR (ROOT)

 Address spaces:
Name               Size   Autos  Total    Cost      Usage
BIGRAM             1E0      0       0       0        0.0%
NULL                 0      0       0       0        0.0%
CODE                 0      0       0       0        0.0%
BITCOMMON            E      0       0       1        0.0%
BITSFR0              0      0       0       1        0.0%
SFR0                 0      0       0       1        0.0%
COMMON               E      9       B       2       78.6%
BITSFR1              0      0       0       2        0.0%
SFR1                 0      0       0       2        0.0%
BITSFR2              0      0       0       3        0.0%
SFR2                 0      0       0       3        0.0%
STACK                0      0       0       3        0.0%
BITSFR3              0      0       0       4        0.0%
SFR3                 0      0       0       4        0.0%
ABS                  0      0      4B       4        0.0%
BITBANK0            50      0       0       5        0.0%
BITSFR4              0      0       0       5        0.0%
SFR4                 0      0       0       5        0.0%
BANK0               50      7      40       6       80.0%
BITSFR5              0      0       0       6        0.0%
SFR5                 0      0       0       6        0.0%
BITBANK1            50      0       0       7        0.0%
BITSFR6              0      0       0       7        0.0%
SFR6                 0      0       0       7        0.0%
BANK1               50      0       0       8        0.0%
BITSFR7              0      0       0       8        0.0%
SFR7                 0      0       0       8        0.0%
BITBANK2            50      0       0       9        0.0%
BITSFR8              0      0       0       9        0.0%
SFR8                 0      0       0       9        0.0%
BANK2               50      0       0      10        0.0%
BITSFR9              0      0       0      10        0.0%
SFR9                 0      0       0      10        0.0%
BITBANK3            50      0       0      11        0.0%
BITSFR10             0      0       0      11        0.0%
SFR10                0      0       0      11        0.0%
BANK3               50      0       0      12        0.0%
BITSFR11             0      0       0      12        0.0%
SFR11                0      0       0      12        0.0%
BITBANK4            50      0       0      13        0.0%
BITSFR12             0      0       0      13        0.0%
SFR12                0      0       0      13        0.0%
BANK4               50      0       0      14        0.0%
BITSFR13             0      0       0      14        0.0%
SFR13                0      0       0      14        0.0%
BITBANK5            50      0       0      15        0.0%
BITSFR14             0      0       0      15        0.0%
SFR14                0      0       0      15        0.0%
BANK5               50      0       0      16        0.0%
BITSFR15             0      0       0      16        0.0%
SFR15                0      0       0      16        0.0%
BITSFR16             0      0       0      17        0.0%
SFR16                0      0       0      17        0.0%
DATA                 0      0      4B      17        0.0%
BITSFR17             0      0       0      18        0.0%
SFR17                0      0       0      18        0.0%
BITSFR18             0      0       0      19        0.0%
SFR18                0      0       0      19        0.0%
BITSFR19             0      0       0      20        0.0%
SFR19                0      0       0      20        0.0%
BITSFR20             0      0       0      21        0.0%
SFR20                0      0       0      21        0.0%
BITSFR21             0      0       0      22        0.0%
SFR21                0      0       0      22        0.0%
BITSFR22             0      0       0      23        0.0%
SFR22                0      0       0      23        0.0%
BITSFR23             0      0       0      24        0.0%
SFR23                0      0       0      24        0.0%
BITSFR24             0      0       0      25        0.0%
SFR24                0      0       0      25        0.0%
BITSFR25             0      0       0      26        0.0%
SFR25                0      0       0      26        0.0%
BITSFR26             0      0       0      27        0.0%
SFR26                0      0       0      27        0.0%
BITSFR27             0      0       0      28        0.0%
SFR27                0      0       0      28        0.0%
BITSFR28             0      0       0      29        0.0%
SFR28                0      0       0      29        0.0%
BITSFR29             0      0       0      30        0.0%
SFR29                0      0       0      30        0.0%
BITSFR30             0      0       0      31        0.0%
SFR30                0      0       0      31        0.0%
BITSFR31             0      0       0      32        0.0%
SFR31                0      0       0      32        0.0%


Microchip Technology PIC Macro Assembler V2.31 build 20201012212115 
Symbol Table                                                                                   Fri Mar 26 23:55:19 2021

                            l48 00C2                             l211 00C6                             l214 00CB  
                           l146 0094                             l147 0097                             l164 00D6  
                           l199 00B7                             u250 00CA                             u251 00C9  
                           u260 0094                             u261 0093                             u270 002E  
                           u280 0054                             u281 0053                             _ISR 0004  
                           u285 0050                SPI_Exchange@Data 0070      __size_of_NRF_Read_Register 002E  
                           wreg 0009                   _NRF24L01_Init 00B8                            ?_ISR 0070  
                          l1030 00A1                            l1022 0098                            l1014 00D2  
                          l1040 00B4                            l1032 00A3                            l1024 009B  
                          l1016 00C3                            l1042 00B5                            l1034 00A6  
                          l1026 009E                            l1050 00C1                            l1018 00CA  
                          l1044 00B6                            l1036 00A8                            l1028 00A0  
                          l1060 0089                            l1052 006B                            l1038 00AA  
                          l1046 00B8                            l1062 008D                            l1054 006B  
                          l1070 0027                            l1048 00BF                            l1064 0096  
                          l1056 006D                            l1080 0049                            l1072 0031  
                          l1058 007A                            l1082 0054                            l1074 0034  
                          l1076 003B                            l1068 0022                            l1078 003D  
                          _TMR0 0015                            _main 0022                            fsr0h 0005  
                          fsr1h 0007                            indf0 0000                            fsr0l 0004  
                          indf1 0001                            fsr1l 0006                            btemp 007E  
                   main@timeout 005E                            start 0014                           ??_ISR 0070  
                         ?_main 0070                __end_of_MCU_Init 00B8                           i1l208 0012  
                         u49_20 000A                           u49_21 0009                           _TRISA 008C  
                         _TRISB 008D                           _TRISC 008E                  ?_NRF24L01_Init 0072  
  __size_of_NRF_Set_SPI_Handler 0005                           pclath 000A                           status 0003  
NRF_Set_SPI_Handler@SPI_Handler 0070                           wtemp0 007E                 __initialization 0016  
                  __end_of_main 006A                          ??_main 0077                          _ANSELA 018C  
                        _ANSELB 018D                          _ANSELC 018E                          i1l1280 0011  
                        i1l1276 0006                          i1l1278 000A                          _OSCCON 0099  
                        _TMR0IF 005A              _p_NRF_SPI_Exchange 0079                 ??_NRF24L01_Init 0074  
       __end_of__initialization 001E                       ?_MCU_Init 0070                  __pcstackCOMMON 0070  
                    __pbssBANK0 0020                      __pnvCOMMON 0079                      ??_MCU_Init 0070  
                    __pmaintext 0022             _NRF_Set_SPI_Handler 00D2                      __pintentry 0004  
                       _NRFChip 004B            ?_NRF_Set_SPI_Handler 0070                         _SSP1BUF 0211  
                       __ptext1 006A                         __ptext2 00C3                         __ptext3 00B8  
                       __ptext4 00D2                         __ptext5 0098                    __size_of_ISR 0010  
         ??_NRF_Set_SPI_Handler 0072                         clrloop0 00CD            end_of_initialization 001E  
                 ?_SPI_Exchange 0070               __size_of_MCU_Init 0020             start_initialization 0016  
                   __end_of_ISR 0014           __end_of_NRF24L01_Init 00C3       NRF24L01_Init@SPI_Exchange 0072  
                ??_SPI_Exchange 0071                       ___latbits 0002                   __pcstackBANK0 0059  
                      _LATCbits 010E       NRF_Read_Register@Register 0075                       clear_ram0 00CC  
                      _MCU_Init 0098                       main@F3649 0020                        _SSP1CON1 0215  
                      _SSP1STAT 0214                       main@P0ddr 0059     __end_of_NRF_Set_SPI_Handler 00D7  
          __end_of_SPI_Exchange 00CC         NRF_Read_Register@Length 0072         NRF_Read_Register@Status 0076  
                      _Tick_1ms 0025               _NRF_Read_Register 006A              ?_NRF_Read_Register 0071  
                 __size_of_main 0048             ??_NRF_Read_Register 0073                        int$flags 007E  
                   _NFR_RxPipes 0027                    _SSP1STATbits 0214          NRF_Read_Register@Bytes 0071  
                    _INTCONbits 000B       __end_of_NRF_Read_Register 0098                        intlevel1 0000  
        __size_of_NRF24L01_Init 000B           __size_of_SPI_Exchange 0009                      _OPTION_REG 0095  
                  _SPI_Exchange 00C3  
