

Microchip MPLAB XC8 Assembler V2.31 build 20201012212115 
                                                                                               Sun Mar 21 21:46:10 2021

Microchip MPLAB XC8 C Compiler v2.31 (Free license) build 20201012212115 Og1 
     1                           	processor	16F1509
     2                           	pagewidth 120
     3                           	opt	flic
     4                           	psect	cinit,global,class=CODE,merge=1,delta=2
     5                           	psect	cstackCOMMON,global,class=COMMON,space=1,delta=1,noexec
     6                           	psect	maintext,global,class=CODE,merge=1,split=1,delta=2
     7                           	psect	config,global,abs,ovrld,class=CONFIG,space=4,delta=2,noexec
     8                           	dabs	1,0x7E,2
     9  0000                     
    10                           ; Version 2.31
    11                           ; Generated 13/10/2020 GMT
    12                           ; 
    13                           ; Copyright © 2020, Microchip Technology Inc. and its subsidiaries ("Microchip")
    14                           ; All rights reserved.
    15                           ; 
    16                           ; This software is developed by Microchip Technology Inc. and its subsidiaries ("Microch
      +                          ip").
    17                           ; 
    18                           ; Redistribution and use in source and binary forms, with or without modification, are
    19                           ; permitted provided that the following conditions are met:
    20                           ; 
    21                           ;     1. Redistributions of source code must retain the above copyright notice, this lis
      +                          t of
    22                           ;        conditions and the following disclaimer.
    23                           ; 
    24                           ;     2. Redistributions in binary form must reproduce the above copyright notice, this 
      +                          list
    25                           ;        of conditions and the following disclaimer in the documentation and/or other
    26                           ;        materials provided with the distribution. Publication is not required when
    27                           ;        this file is used in an embedded application.
    28                           ; 
    29                           ;     3. Microchip's name may not be used to endorse or promote products derived from th
      +                          is
    30                           ;        software without specific prior written permission.
    31                           ; 
    32                           ; THIS SOFTWARE IS PROVIDED BY MICROCHIP "AS IS" AND ANY EXPRESS OR IMPLIED WARRANTIES,
    33                           ; INCLUDING, BUT NOT LIMITED TO, THE IMPLIED WARRANTIES OF MERCHANTABILITY AND FITNESS F
      +                          OR
    34                           ; PURPOSE ARE DISCLAIMED.  IN NO EVENT SHALL MICROCHIP BE LIABLE FOR ANY DIRECT, INDIREC
      +                          T,
    35                           ; INCIDENTAL, SPECIAL, EXEMPLARY, OR CONSEQUENTIAL DAMAGES (INCLUDING BUT NOT LIMITED TO
    36                           ; PROCUREMENT OF SUBSTITUTE GOODS OR SERVICES; LOSS OF USE, DATA OR PROFITS; OR BUSINESS
    37                           ; INTERRUPTION) HOWSOEVER CAUSED AND ON ANY THEORY OF LIABILITY, WHETHER IN CONTRACT, ST
      +                          RICT
    38                           ; LIABILITY, OR TORT (INCLUDING NEGLIGENCE OR OTHERWISE) ARISING IN ANY WAY OUT OF THE U
      +                          SE OF
    39                           ; THIS SOFTWARE, EVEN IF ADVISED OF THE POSSIBILITY OF SUCH DAMAGE.
    40                           ; 
    41                           ; 
    42                           ; Code-generator required, PIC16F1509 Definitions
    43                           ; 
    44                           ; SFR Addresses
    45  0000                     	;# 
    46  0001                     	;# 
    47  0002                     	;# 
    48  0003                     	;# 
    49  0004                     	;# 
    50  0005                     	;# 
    51  0006                     	;# 
    52  0007                     	;# 
    53  0008                     	;# 
    54  0009                     	;# 
    55  000A                     	;# 
    56  000B                     	;# 
    57  000C                     	;# 
    58  000D                     	;# 
    59  000E                     	;# 
    60  0011                     	;# 
    61  0012                     	;# 
    62  0013                     	;# 
    63  0015                     	;# 
    64  0016                     	;# 
    65  0016                     	;# 
    66  0017                     	;# 
    67  0018                     	;# 
    68  0019                     	;# 
    69  001A                     	;# 
    70  001B                     	;# 
    71  001C                     	;# 
    72  008C                     	;# 
    73  008D                     	;# 
    74  008E                     	;# 
    75  0091                     	;# 
    76  0092                     	;# 
    77  0093                     	;# 
    78  0095                     	;# 
    79  0096                     	;# 
    80  0097                     	;# 
    81  0099                     	;# 
    82  009A                     	;# 
    83  009B                     	;# 
    84  009B                     	;# 
    85  009C                     	;# 
    86  009D                     	;# 
    87  009E                     	;# 
    88  009F                     	;# 
    89  010C                     	;# 
    90  010D                     	;# 
    91  010E                     	;# 
    92  0111                     	;# 
    93  0112                     	;# 
    94  0113                     	;# 
    95  0114                     	;# 
    96  0115                     	;# 
    97  0116                     	;# 
    98  0117                     	;# 
    99  0118                     	;# 
   100  0119                     	;# 
   101  011D                     	;# 
   102  018C                     	;# 
   103  018D                     	;# 
   104  018E                     	;# 
   105  0191                     	;# 
   106  0191                     	;# 
   107  0192                     	;# 
   108  0193                     	;# 
   109  0193                     	;# 
   110  0194                     	;# 
   111  0195                     	;# 
   112  0196                     	;# 
   113  0197                     	;# 
   114  0199                     	;# 
   115  019A                     	;# 
   116  019B                     	;# 
   117  019B                     	;# 
   118  019C                     	;# 
   119  019D                     	;# 
   120  019E                     	;# 
   121  019F                     	;# 
   122  020C                     	;# 
   123  020D                     	;# 
   124  0211                     	;# 
   125  0211                     	;# 
   126  0212                     	;# 
   127  0212                     	;# 
   128  0213                     	;# 
   129  0213                     	;# 
   130  0214                     	;# 
   131  0214                     	;# 
   132  0215                     	;# 
   133  0215                     	;# 
   134  0215                     	;# 
   135  0216                     	;# 
   136  0216                     	;# 
   137  0217                     	;# 
   138  0217                     	;# 
   139  0391                     	;# 
   140  0392                     	;# 
   141  0393                     	;# 
   142  0394                     	;# 
   143  0395                     	;# 
   144  0396                     	;# 
   145  0498                     	;# 
   146  0498                     	;# 
   147  0499                     	;# 
   148  049A                     	;# 
   149  049B                     	;# 
   150  049B                     	;# 
   151  049C                     	;# 
   152  049D                     	;# 
   153  049E                     	;# 
   154  049F                     	;# 
   155  0611                     	;# 
   156  0612                     	;# 
   157  0613                     	;# 
   158  0613                     	;# 
   159  0614                     	;# 
   160  0615                     	;# 
   161  0616                     	;# 
   162  0616                     	;# 
   163  0617                     	;# 
   164  0618                     	;# 
   165  0619                     	;# 
   166  0619                     	;# 
   167  061A                     	;# 
   168  061B                     	;# 
   169  061C                     	;# 
   170  061C                     	;# 
   171  0691                     	;# 
   172  0692                     	;# 
   173  0693                     	;# 
   174  0694                     	;# 
   175  0695                     	;# 
   176  0F0F                     	;# 
   177  0F10                     	;# 
   178  0F11                     	;# 
   179  0F12                     	;# 
   180  0F13                     	;# 
   181  0F14                     	;# 
   182  0F15                     	;# 
   183  0F16                     	;# 
   184  0F17                     	;# 
   185  0F18                     	;# 
   186  0F19                     	;# 
   187  0F1A                     	;# 
   188  0F1B                     	;# 
   189  0F1C                     	;# 
   190  0F1D                     	;# 
   191  0F1E                     	;# 
   192  0F1F                     	;# 
   193  0F20                     	;# 
   194  0F21                     	;# 
   195  0F22                     	;# 
   196  0F23                     	;# 
   197  0F24                     	;# 
   198  0F25                     	;# 
   199  0F26                     	;# 
   200  0F27                     	;# 
   201  0F28                     	;# 
   202  0F29                     	;# 
   203  0F2A                     	;# 
   204  0F2B                     	;# 
   205  0F2C                     	;# 
   206  0F2D                     	;# 
   207  0F2E                     	;# 
   208  0F2F                     	;# 
   209  0F8C                     	;# 
   210  0F8D                     	;# 
   211  0F91                     	;# 
   212  0F95                     	;# 
   213  0F96                     	;# 
   214  0F97                     	;# 
   215  0F9C                     	;# 
   216  0F9D                     	;# 
   217  0F9E                     	;# 
   218  0FE3                     	;# 
   219  0FE4                     	;# 
   220  0FE5                     	;# 
   221  0FE6                     	;# 
   222  0FE7                     	;# 
   223  0FE8                     	;# 
   224  0FE9                     	;# 
   225  0FEA                     	;# 
   226  0FEB                     	;# 
   227  0FED                     	;# 
   228  0FEE                     	;# 
   229  0FEF                     	;# 
   230                           
   231                           	psect	cinit
   232  07FD                     start_initialization:	
   233                           ; #config settings
   234                           
   235  07FD                     __initialization:
   236  07FD                     end_of_initialization:	
   237                           ;End of C runtime variable initialization code
   238                           
   239  07FD                     __end_of__initialization:
   240  07FD  0020               	movlb	0
   241  07FE  3187  2FFB         	ljmp	_main	;jump to C main() function
   242                           
   243                           	psect	cstackCOMMON
   244  0000                     __pcstackCOMMON:
   245  0000                     ?_main:
   246  0000                     ??_main:	
   247                           ; 1 bytes @ 0x0
   248                           
   249                           
   250                           	psect	maintext
   251  07FB                     __pmaintext:	
   252                           ; 1 bytes @ 0x0
   253 ;;
   254 ;;Main: autosize = 0, tempsize = 0, incstack = 0, save=0
   255 ;;
   256 ;; *************** function _main *****************
   257 ;; Defined at:
   258 ;;		line 6 in file "02-SRC/02-APPLICATION/main.c"
   259 ;; Parameters:    Size  Location     Type
   260 ;;		None
   261 ;; Auto vars:     Size  Location     Type
   262 ;;		None
   263 ;; Return value:  Size  Location     Type
   264 ;;                  1    wreg      void 
   265 ;; Registers used:
   266 ;;		None
   267 ;; Tracked objects:
   268 ;;		On entry : B1F/0
   269 ;;		On exit  : 0/0
   270 ;;		Unchanged: 0/0
   271 ;; Data sizes:     COMMON   BANK0   BANK1   BANK2   BANK3   BANK4   BANK5   BANK6
   272 ;;      Params:         0       0       0       0       0       0       0       0
   273 ;;      Locals:         0       0       0       0       0       0       0       0
   274 ;;      Temps:          0       0       0       0       0       0       0       0
   275 ;;      Totals:         0       0       0       0       0       0       0       0
   276 ;;Total ram usage:        0 bytes
   277 ;; This function calls:
   278 ;;		Nothing
   279 ;; This function is called by:
   280 ;;		Startup code after reset
   281 ;; This function uses a non-reentrant model
   282 ;;
   283                           
   284                           
   285                           ;psect for function _main
   286  07FB                     _main:
   287  07FB                     l5:	
   288                           ;incstack = 0
   289                           ; Regs used in _main: []
   290                           
   291  07FB  3180  2802         	ljmp	start
   292  07FD                     __end_of_main:
   293  007E                     btemp	set	126	;btemp
   294  007E                     wtemp0	set	126
   295                           
   296                           	psect	config
   297                           
   298                           ;Config register CONFIG1 @ 0x8007
   299                           ;	Oscillator Selection Bits
   300                           ;	FOSC = INTOSC, INTOSC oscillator: I/O function on CLKIN pin
   301                           ;	Watchdog Timer Enable
   302                           ;	WDTE = OFF, WDT disabled
   303                           ;	Power-up Timer Enable
   304                           ;	PWRTE = OFF, PWRT disabled
   305                           ;	MCLR Pin Function Select
   306                           ;	MCLRE = ON, MCLR/VPP pin function is MCLR
   307                           ;	Flash Program Memory Code Protection
   308                           ;	CP = OFF, Program memory code protection is disabled
   309                           ;	Brown-out Reset Enable
   310                           ;	BOREN = ON, Brown-out Reset enabled
   311                           ;	Clock Out Enable
   312                           ;	CLKOUTEN = OFF, CLKOUT function is disabled. I/O or oscillator function on the CLKOUT 
      +                          pin
   313                           ;	Internal/External Switchover Mode
   314                           ;	IESO = ON, Internal/External Switchover Mode is enabled
   315                           ;	Fail-Safe Clock Monitor Enable
   316                           ;	FCMEN = ON, Fail-Safe Clock Monitor is enabled
   317  8007                     	org	32775
   318  8007  3FE4               	dw	16356
   319                           
   320                           ;Config register CONFIG2 @ 0x8008
   321                           ;	Flash Memory Self-Write Protection
   322                           ;	WRT = OFF, Write protection off
   323                           ;	Stack Overflow/Underflow Reset Enable
   324                           ;	STVREN = ON, Stack Overflow or Underflow will cause a Reset
   325                           ;	Brown-out Reset Voltage Selection
   326                           ;	BORV = LO, Brown-out Reset Voltage (Vbor), low trip point selected.
   327                           ;	Low-Power Brown Out Reset
   328                           ;	LPBOR = OFF, Low-Power BOR is disabled
   329                           ;	Low-Voltage Programming Enable
   330                           ;	LVP = ON, Low-voltage programming enabled
   331  8008                     	org	32776
   332  8008  3FFF               	dw	16383

Data Sizes:
    Strings     0
    Constant    0
    Data        0
    BSS         0
    Persistent  32
    Stack       0

Auto Spaces:
    Space          Size  Autos    Used
    COMMON           14      0       0
    BANK0            80      0       0
    BANK1            80      0       0
    BANK2            80      0       0
    BANK3            80      0       0
    BANK4            80      0       0
    BANK5            80      0       0
    BANK6            16      0       0

Pointer List with Targets:

    None.

Critical Paths under _main in COMMON

    None.

Critical Paths under _main in BANK0

    None.

Critical Paths under _main in BANK1

    None.

Critical Paths under _main in BANK2

    None.

Critical Paths under _main in BANK3

    None.

Critical Paths under _main in BANK4

    None.

Critical Paths under _main in BANK5

    None.

Critical Paths under _main in BANK6

    None.

Call Graph Tables:

 ---------------------------------------------------------------------------------
 (Depth) Function   	        Calls       Base Space   Used Autos Params    Refs
 ---------------------------------------------------------------------------------
 (0) _main                                                 0     0      0       0
 ---------------------------------------------------------------------------------
 Estimated maximum stack depth 0
 ---------------------------------------------------------------------------------

 Call Graph Graphs:

 _main (ROOT)

 Address spaces:
Name               Size   Autos  Total    Cost      Usage
BIGRAM             1F0      0       0       0        0.0%
NULL                 0      0       0       0        0.0%
CODE                 0      0       0       0        0.0%
BITCOMMON            E      0       0       1        0.0%
BITSFR0              0      0       0       1        0.0%
SFR0                 0      0       0       1        0.0%
COMMON               E      0       0       2        0.0%
BITSFR1              0      0       0       2        0.0%
SFR1                 0      0       0       2        0.0%
BITSFR2              0      0       0       3        0.0%
SFR2                 0      0       0       3        0.0%
STACK                0      0       0       3        0.0%
BITSFR3              0      0       0       4        0.0%
SFR3                 0      0       0       4        0.0%
ABS                  0      0       0       4        0.0%
BITBANK0            50      0       0       5        0.0%
BITSFR4              0      0       0       5        0.0%
SFR4                 0      0       0       5        0.0%
BANK0               50      0       0       6        0.0%
BITSFR5              0      0       0       6        0.0%
SFR5                 0      0       0       6        0.0%
BITBANK1            50      0       0       7        0.0%
BITSFR6              0      0       0       7        0.0%
SFR6                 0      0       0       7        0.0%
BANK1               50      0       0       8        0.0%
BITSFR7              0      0       0       8        0.0%
SFR7                 0      0       0       8        0.0%
BITBANK2            50      0       0       9        0.0%
BITSFR8              0      0       0       9        0.0%
SFR8                 0      0       0       9        0.0%
BANK2               50      0       0      10        0.0%
BITSFR9              0      0       0      10        0.0%
SFR9                 0      0       0      10        0.0%
BITBANK3            50      0       0      11        0.0%
BITSFR10             0      0       0      11        0.0%
SFR10                0      0       0      11        0.0%
BANK3               50      0       0      12        0.0%
BITSFR11             0      0       0      12        0.0%
SFR11                0      0       0      12        0.0%
BITBANK4            50      0       0      13        0.0%
BITSFR12             0      0       0      13        0.0%
SFR12                0      0       0      13        0.0%
BANK4               50      0       0      14        0.0%
BITSFR13             0      0       0      14        0.0%
SFR13                0      0       0      14        0.0%
BITBANK5            50      0       0      15        0.0%
BITSFR14             0      0       0      15        0.0%
SFR14                0      0       0      15        0.0%
BANK5               50      0       0      16        0.0%
BITSFR15             0      0       0      16        0.0%
SFR15                0      0       0      16        0.0%
BITBANK6            10      0       0      17        0.0%
BITSFR16             0      0       0      17        0.0%
SFR16                0      0       0      17        0.0%
BANK6               10      0       0      18        0.0%
BITSFR17             0      0       0      18        0.0%
SFR17                0      0       0      18        0.0%
BITSFR18             0      0       0      19        0.0%
SFR18                0      0       0      19        0.0%
DATA                 0      0       0      19        0.0%
BITSFR19             0      0       0      20        0.0%
SFR19                0      0       0      20        0.0%
BITSFR20             0      0       0      21        0.0%
SFR20                0      0       0      21        0.0%
BITSFR21             0      0       0      22        0.0%
SFR21                0      0       0      22        0.0%
BITSFR22             0      0       0      23        0.0%
SFR22                0      0       0      23        0.0%
BITSFR23             0      0       0      24        0.0%
SFR23                0      0       0      24        0.0%
BITSFR24             0      0       0      25        0.0%
SFR24                0      0       0      25        0.0%
BITSFR25             0      0       0      26        0.0%
SFR25                0      0       0      26        0.0%
BITSFR26             0      0       0      27        0.0%
SFR26                0      0       0      27        0.0%
BITSFR27             0      0       0      28        0.0%
SFR27                0      0       0      28        0.0%
BITSFR28             0      0       0      29        0.0%
SFR28                0      0       0      29        0.0%
BITSFR29             0      0       0      30        0.0%
SFR29                0      0       0      30        0.0%
BITSFR30             0      0       0      31        0.0%
SFR30                0      0       0      31        0.0%
BITSFR31             0      0       0      32        0.0%
SFR31                0      0       0      32        0.0%


Microchip Technology PIC Macro Assembler V2.31 build 20201012212115 
Symbol Table                                                                                   Sun Mar 21 21:46:10 2021

                      l5 07FB                     _main 07FB                     btemp 007E  
                   start 0002                    ?_main 0000                    wtemp0 007E  
        __initialization 07FD             __end_of_main 07FD                   ??_main 0000  
__end_of__initialization 07FD           __pcstackCOMMON 0000               __pmaintext 07FB  
   end_of_initialization 07FD      start_initialization 07FD                ___latbits 0002  
          __size_of_main 0002  
